--
-- REPLICATE_REF_TABLES_ON_COORDINATOR
--
CREATE SCHEMA replicate_ref_to_coordinator;
SET search_path TO 'replicate_ref_to_coordinator';
SET citus.shard_replication_factor TO 1;
SET citus.shard_count TO 4;
SET citus.next_shard_id TO 8000000;
SET citus.next_placement_id TO 8000000;
--- enable logging to see which tasks are executed locally
SET client_min_messages TO LOG;
SET citus.log_local_commands TO ON;
CREATE TABLE squares(a int, b int);
SELECT create_reference_table('squares');
 create_reference_table 
------------------------
 
(1 row)

INSERT INTO squares SELECT i, i * i FROM generate_series(1, 10) i;
-- should be executed locally
SELECT count(*) FROM squares;
LOG:  executing the command locally: SELECT count(*) AS count FROM replicate_ref_to_coordinator.squares_8000000 squares
 count 
-------
    10
(1 row)

-- create a second reference table
CREATE TABLE numbers(a int);
SELECT create_reference_table('numbers');
 create_reference_table 
------------------------
 
(1 row)

INSERT INTO numbers VALUES (20), (21);
LOG:  executing the command locally: INSERT INTO replicate_ref_to_coordinator.numbers_8000001 AS citus_table_alias (a) VALUES (20), (21)
-- INSERT ... SELECT between reference tables
BEGIN;
EXPLAIN INSERT INTO squares SELECT a, a*a FROM numbers;
                                          QUERY PLAN                                           
-----------------------------------------------------------------------------------------------
 Custom Scan (Citus Adaptive)  (cost=0.00..0.00 rows=0 width=0)
   Task Count: 1
   Tasks Shown: All
   ->  Task
         Node: host=localhost port=57636 dbname=regression
         ->  Insert on squares_8000000 citus_table_alias  (cost=0.00..41.88 rows=2550 width=8)
               ->  Seq Scan on numbers_8000001 numbers  (cost=0.00..41.88 rows=2550 width=8)
(7 rows)

INSERT INTO squares SELECT a, a*a FROM numbers;
SELECT * FROM squares WHERE a >= 20 ORDER BY a;
 a  |  b  
----+-----
 20 | 400
 21 | 441
(2 rows)

ROLLBACK;
BEGIN;
EXPLAIN INSERT INTO numbers SELECT a FROM squares WHERE a < 3;
                                          QUERY PLAN                                          
----------------------------------------------------------------------------------------------
 Custom Scan (Citus Adaptive)  (cost=0.00..0.00 rows=0 width=0)
   Task Count: 1
   Tasks Shown: All
   ->  Task
         Node: host=localhost port=57636 dbname=regression
         ->  Insert on numbers_8000001 citus_table_alias  (cost=0.00..38.25 rows=753 width=4)
               ->  Seq Scan on squares_8000000 squares  (cost=0.00..38.25 rows=753 width=4)
                     Filter: (a < 3)
(8 rows)

INSERT INTO numbers SELECT a FROM squares WHERE a < 3;
SELECT * FROM numbers ORDER BY a;
 a  
----
  1
  2
 20
 21
(4 rows)

ROLLBACK;
-- Make sure we hide shard tables ...
SELECT citus_table_is_visible('numbers_8000001'::regclass::oid);
 citus_table_is_visible 
------------------------
 f
(1 row)

-- Join between reference tables and local tables
CREATE TABLE local_table(a int);
INSERT INTO local_table VALUES (2), (4), (7), (20);
EXPLAIN SELECT local_table.a, numbers.a FROM local_table NATURAL JOIN numbers;
                                  QUERY PLAN                                   
-------------------------------------------------------------------------------
 Merge Join  (cost=359.57..860.00 rows=32512 width=8)
   Merge Cond: (local_table.a = numbers_8000001.a)
   ->  Sort  (cost=179.78..186.16 rows=2550 width=4)
         Sort Key: local_table.a
         ->  Seq Scan on local_table  (cost=0.00..35.50 rows=2550 width=4)
   ->  Sort  (cost=179.78..186.16 rows=2550 width=4)
         Sort Key: numbers_8000001.a
         ->  Seq Scan on numbers_8000001  (cost=0.00..35.50 rows=2550 width=4)
(8 rows)

SELECT local_table.a, numbers.a FROM local_table NATURAL JOIN numbers ORDER BY 1;
 a  | a  
----+----
 20 | 20
(1 row)

-- error if in transaction block
BEGIN;
SELECT local_table.a, numbers.a FROM local_table NATURAL JOIN numbers ORDER BY 1;
ERROR:  cannot join local tables and reference tables in a transaction block
ROLLBACK;
-- error if in a transaction block even if reference table is not in search path
CREATE SCHEMA s1;
CREATE TABLE s1.ref(a int);
SELECT create_reference_table('s1.ref');
 create_reference_table 
------------------------
 
(1 row)

BEGIN;
SELECT local_table.a, r.a FROM local_table NATURAL JOIN s1.ref r ORDER BY 1;
ERROR:  cannot join local tables and reference tables in a transaction block
ROLLBACK;
DROP SCHEMA s1 CASCADE;
NOTICE:  drop cascades to 2 other objects
DETAIL:  drop cascades to table s1.ref
drop cascades to table s1.ref_8000002
-- shouldn't plan locally if modifications happen in CTEs, ...
WITH ins AS (INSERT INTO numbers VALUES (1) RETURNING *) SELECT * FROM numbers, local_table;
ERROR:  relation local_table is not distributed
WITH t AS (SELECT *, random() x FROM numbers FOR UPDATE) SELECT * FROM numbers, local_table
  WHERE EXISTS (SELECT * FROM t WHERE t.x = numbers.a);
ERROR:  relation local_table is not distributed
-- but this should be fine
WITH t AS (SELECT *, random() x FROM numbers) SELECT * FROM numbers, local_table
  WHERE EXISTS (SELECT * FROM t WHERE t.x = numbers.a);
 a | a 
---+---
(0 rows)

-- shouldn't plan locally even if distributed table is in CTE or subquery
CREATE TABLE dist(a int);
SELECT create_distributed_table('dist', 'a');
 create_distributed_table 
--------------------------
 
(1 row)

WITH t AS (SELECT *, random() x FROM dist) SELECT * FROM numbers, local_table
  WHERE EXISTS (SELECT * FROM t WHERE t.x = numbers.a);
ERROR:  relation local_table is not distributed
 -- error if FOR UPDATE/FOR SHARE
 SELECT local_table.a, numbers.a FROM local_table NATURAL JOIN numbers FOR SHARE;
ERROR:  could not run distributed query with FOR UPDATE/SHARE commands
HINT:  Consider using an equality filter on the distributed table's partition column.
 SELECT local_table.a, numbers.a FROM local_table NATURAL JOIN numbers FOR UPDATE;
ERROR:  could not run distributed query with FOR UPDATE/SHARE commands
HINT:  Consider using an equality filter on the distributed table's partition column.
-- verify that we can drop columns from reference tables replicated to the coordinator
-- see https://github.com/citusdata/citus/issues/3279
ALTER TABLE squares DROP COLUMN b;
-- clean-up
SET client_min_messages TO ERROR;
DROP SCHEMA replicate_ref_to_coordinator CASCADE;
-- Make sure the shard was dropped
 SELECT 'numbers_8000001'::regclass::oid;
ERROR:  relation "numbers_8000001" does not exist
LINE 1: SELECT 'numbers_8000001'::regclass::oid;
               ^
SET search_path TO DEFAULT;
RESET client_min_messages;
